GROUP,PACKAGE,CLASS,INSTRUCTION_MISSED,INSTRUCTION_COVERED,BRANCH_MISSED,BRANCH_COVERED,LINE_MISSED,LINE_COVERED,COMPLEXITY_MISSED,COMPLEXITY_COVERED,METHOD_MISSED,METHOD_COVERED
Fedora Repository Authorization Roles Commons,org.fcrepo.auth.roles.common,AbstractRolesAuthorizationDelegate,313,0,36,0,73,0,26,0,8,0
Fedora Repository Authorization Roles Commons,org.fcrepo.auth.roles.common,Constants.JcrName,18,116,0,0,3,9,5,3,5,3
Fedora Repository Authorization Roles Commons,org.fcrepo.auth.roles.common,AccessRolesTypes,13,57,3,3,2,24,2,5,0,4
Fedora Repository Authorization Roles Commons,org.fcrepo.auth.roles.common,AccessRolesResources,45,3,2,0,12,1,2,1,1,1
Fedora Repository Authorization Roles Commons,org.fcrepo.auth.roles.common,Constants,3,5,0,0,2,2,1,1,1,1
Fedora Repository Authorization Roles Commons,org.fcrepo.auth.roles.common,AccessRoles,76,218,10,20,12,55,11,16,1,11
Fedora Repository Authorization Roles Commons,org.fcrepo.auth.roles.common,AccessRolesProvider,99,265,16,28,27,68,14,15,1,6
